<?xml version="1.0" encoding="UTF-8"?>
<!-- Generated by org.testng.reporters.JUnitXMLReporter -->
<testsuite hostname="Vishwanaths-MacBook-Pro.local" ignored="0" tests="5" failures="0" timestamp="21 Oct 2018 11:00:21 GMT" time="0.068" errors="0">
  <testcase name="test1" time="0.008" classname="TestNGTC"/>
  <testcase name="test2" time="0.004" classname="TestNGTC"/>
  <testcase name="test3" time="0.003" classname="TestNGTC"/>
  <testcase name="test4" time="0.001" classname="TestNGTC"/>
  <testcase name="test5" time="0.002" classname="TestNGTC"/>
</testsuite>
