<?xml version="1.0" encoding="UTF-8"?>
<!-- Generated by org.testng.reporters.JUnitXMLReporter -->
<testsuite hostname="Vishwanaths-MacBook-Pro.local" ignored="0" name="test1" tests="10" failures="0" timestamp="30 Oct 2018 16:13:27 GMT" time="0.12" errors="0">
  <testcase name="test" time="0.011" classname="testNG_Package.Before_Class"/>
  <testcase name="A" time="0.003" classname="testNG_Package.TC1"/>
  <testcase name="B" time="0.001" classname="testNG_Package.TC1"/>
  <testcase name="C" time="0.005" classname="testNG_Package.TC1"/>
  <testcase name="case1" time="0.002" classname="testNG_Package.TC2"/>
  <testcase name="case2" time="0.002" classname="testNG_Package.TC2"/>
  <testcase name="case3" time="0.001" classname="testNG_Package.TC2"/>
  <testcase name="case1" time="0.001" classname="testNG_Package.TC3"/>
  <testcase name="case2" time="0.008" classname="testNG_Package.TC3"/>
  <testcase name="case3" time="0.001" classname="testNG_Package.TC3"/>
</testsuite> <!-- test1 -->
