<?xml version="1.0" encoding="UTF-8"?>
<!-- Generated by org.testng.reporters.JUnitXMLReporter -->
<testsuite hostname="Vishwanaths-MacBook-Pro.local" ignored="5" name="test2" tests="8" failures="0" timestamp="30 Oct 2018 17:03:49 GMT" time="0.084" errors="0">
  <testcase name="gropusTes3" time="0.01" classname="testNG_Package.TC1"/>
  <testcase name="gropusTest1" time="0.003" classname="testNG_Package.TC1"/>
  <testcase name="gropusTest10" time="0.002" classname="testNG_Package.TC1"/>
  <testcase name="gropusTest2" time="0.002" classname="testNG_Package.TC1"/>
  <testcase name="gropusTest4" time="0.002" classname="testNG_Package.TC1"/>
  <testcase name="gropusTest5" time="0.002" classname="testNG_Package.TC1"/>
  <testcase name="gropusTest8" time="0.005" classname="testNG_Package.TC1"/>
  <testcase name="gropusTest9" time="0.001" classname="testNG_Package.TC1"/>
  <testcase name="A" time="0.0" classname="testNG_Package.TC1">
    <ignored/>
  </testcase> <!-- A -->
  <testcase name="B" time="0.0" classname="testNG_Package.TC1">
    <ignored/>
  </testcase> <!-- B -->
  <testcase name="C" time="0.0" classname="testNG_Package.TC1">
    <ignored/>
  </testcase> <!-- C -->
  <testcase name="gropusTest6" time="0.0" classname="testNG_Package.TC1">
    <ignored/>
  </testcase> <!-- gropusTest6 -->
  <testcase name="gropusTest7" time="0.0" classname="testNG_Package.TC1">
    <ignored/>
  </testcase> <!-- gropusTest7 -->
</testsuite> <!-- test2 -->
