<?xml version="1.0" encoding="UTF-8"?>
<testng-results skipped="0" failed="0" ignored="0" total="5" passed="5">
  <reporter-output>
  </reporter-output>
  <suite name="Default suite" duration-ms="68" started-at="2018-10-21T11:00:21Z" finished-at="2018-10-21T11:00:21Z">
    <groups>
    </groups>
    <test name="Default test" duration-ms="68" started-at="2018-10-21T11:00:21Z" finished-at="2018-10-21T11:00:21Z">
      <class name="TestNGTC">
        <test-method status="PASS" signature="testbefore()[pri:0, instance:TestNGTC@86be70a]" name="testbefore" is-config="true" duration-ms="9" started-at="2018-10-21T11:00:21Z" finished-at="2018-10-21T11:00:21Z">
          <reporter-output>
          </reporter-output>
        </test-method> <!-- testbefore -->
        <test-method status="PASS" signature="test1()[pri:0, instance:TestNGTC@86be70a]" name="test1" duration-ms="8" started-at="2018-10-21T11:00:21Z" finished-at="2018-10-21T11:00:21Z">
          <reporter-output>
          </reporter-output>
        </test-method> <!-- test1 -->
        <test-method status="PASS" signature="testbefore()[pri:0, instance:TestNGTC@86be70a]" name="testbefore" is-config="true" duration-ms="0" started-at="2018-10-21T11:00:21Z" finished-at="2018-10-21T11:00:21Z">
          <reporter-output>
          </reporter-output>
        </test-method> <!-- testbefore -->
        <test-method status="PASS" signature="test2()[pri:0, instance:TestNGTC@86be70a]" name="test2" duration-ms="4" started-at="2018-10-21T11:00:21Z" finished-at="2018-10-21T11:00:21Z">
          <reporter-output>
          </reporter-output>
        </test-method> <!-- test2 -->
        <test-method status="PASS" signature="testbefore()[pri:0, instance:TestNGTC@86be70a]" name="testbefore" is-config="true" duration-ms="1" started-at="2018-10-21T11:00:21Z" finished-at="2018-10-21T11:00:21Z">
          <reporter-output>
          </reporter-output>
        </test-method> <!-- testbefore -->
        <test-method status="PASS" signature="test3()[pri:0, instance:TestNGTC@86be70a]" name="test3" duration-ms="3" started-at="2018-10-21T11:00:21Z" finished-at="2018-10-21T11:00:21Z">
          <reporter-output>
          </reporter-output>
        </test-method> <!-- test3 -->
        <test-method status="PASS" signature="testbefore()[pri:0, instance:TestNGTC@86be70a]" name="testbefore" is-config="true" duration-ms="1" started-at="2018-10-21T11:00:21Z" finished-at="2018-10-21T11:00:21Z">
          <reporter-output>
          </reporter-output>
        </test-method> <!-- testbefore -->
        <test-method status="PASS" signature="test4()[pri:0, instance:TestNGTC@86be70a]" name="test4" duration-ms="1" started-at="2018-10-21T11:00:21Z" finished-at="2018-10-21T11:00:21Z">
          <reporter-output>
          </reporter-output>
        </test-method> <!-- test4 -->
        <test-method status="PASS" signature="testbefore()[pri:0, instance:TestNGTC@86be70a]" name="testbefore" is-config="true" duration-ms="2" started-at="2018-10-21T11:00:21Z" finished-at="2018-10-21T11:00:21Z">
          <reporter-output>
          </reporter-output>
        </test-method> <!-- testbefore -->
        <test-method status="PASS" signature="test5()[pri:0, instance:TestNGTC@86be70a]" name="test5" duration-ms="2" started-at="2018-10-21T11:00:21Z" finished-at="2018-10-21T11:00:21Z">
          <reporter-output>
          </reporter-output>
        </test-method> <!-- test5 -->
      </class> <!-- TestNGTC -->
    </test> <!-- Default test -->
  </suite> <!-- Default suite -->
</testng-results>
